  [4;36;1mSQL (0.000325)[0m   [0;1mselect sqlite_version(*)[0m
  [4;35;1mSQL (0.003129)[0m   [0mCREATE TABLE schema_info (version integer)[0m
  [4;36;1mSQL (0.002505)[0m   [0;1mINSERT INTO schema_info (version) VALUES(0)[0m
  [4;35;1mSQL (0.000000)[0m   [0mSQLite3::SQLException: table schema_info already exists: CREATE TABLE schema_info (version integer)[0m
  [4;36;1mSQL (0.000392)[0m   [0;1mSELECT * FROM schema_info[0m
  [4;35;1mSQL (0.000290)[0m   [0m SELECT name
 FROM sqlite_master
 WHERE type = 'table' AND NOT name = 'sqlite_sequence'
[0m
  [4;36;1mSQL (0.000192)[0m   [0;1mselect sqlite_version(*)[0m
  [4;35;1mSQL (0.000000)[0m   [0mSQLite3::SQLException: table schema_info already exists: CREATE TABLE schema_info (version integer)[0m
  [4;36;1mSQL (0.000172)[0m   [0;1mSELECT * FROM schema_info[0m
  [4;35;1mSQL (0.000151)[0m   [0m SELECT name
 FROM sqlite_master
 WHERE type = 'table' AND NOT name = 'sqlite_sequence'
[0m
  [4;36;1mSQL (0.000144)[0m   [0;1mselect sqlite_version(*)[0m
  [4;35;1mSQL (0.002419)[0m   [0mCREATE TABLE schema_info (version integer)[0m
  [4;36;1mSQL (0.004304)[0m   [0;1mINSERT INTO schema_info (version) VALUES(0)[0m
  [4;35;1mSQL (0.002083)[0m   [0mUPDATE schema_info SET version = 0[0m
